<?xml version="1.0" encoding="UTF-8"?>
<testng-results ignored="0" total="2" passed="2" failed="0" skipped="0">
  <reporter-output>
  </reporter-output>
  <suite started-at="2023-04-18T20:01:52 BDT" name="Default suite" finished-at="2023-04-18T20:02:17 BDT" duration-ms="25069">
    <groups>
    </groups>
    <test started-at="2023-04-18T20:01:52 BDT" name="Default test" finished-at="2023-04-18T20:02:17 BDT" duration-ms="25069">
      <class name="com.greencart_test.CreateGreenKartTes">
        <test-method is-config="true" signature="init()[pri:0, instance:com.greencart_test.CreateGreenKartTes@3bb9a3ff]" started-at="2023-04-18T20:01:52 BDT" name="init" finished-at="2023-04-18T20:02:03 BDT" duration-ms="10727" status="PASS">
          <reporter-output>
          </reporter-output>
        </test-method> <!-- init -->
        <test-method signature="addToCard()[pri:0, instance:com.greencart_test.CreateGreenKartTes@3bb9a3ff]" started-at="2023-04-18T20:02:03 BDT" name="addToCard" finished-at="2023-04-18T20:02:07 BDT" duration-ms="3741" status="PASS">
          <reporter-output>
          </reporter-output>
        </test-method> <!-- addToCard -->
        <test-method signature="click()[pri:0, instance:com.greencart_test.CreateGreenKartTes@3bb9a3ff]" started-at="2023-04-18T20:02:07 BDT" name="click" finished-at="2023-04-18T20:02:17 BDT" duration-ms="10548" status="PASS">
          <reporter-output>
          </reporter-output>
        </test-method> <!-- click -->
      </class> <!-- com.greencart_test.CreateGreenKartTes -->
    </test> <!-- Default test -->
  </suite> <!-- Default suite -->
</testng-results>
